2022-02-21 11:48:00 CarinaListener [INFO] 
============= Test configuration =============
url=https://www.onliner.by
selenium_url=http://localhost:4723/wd/hub
max_driver_count=3
proxy_protocols=http,https,ftp
browsermob_port=0
auto_screenshot=true
explicit_timeout=200
retry_interval=10
project_report_directory=./reports
max_screen_history=10
big_screen_width=-1
big_screen_height=-1
init_retry_count=0
init_retry_interval=1
retry_count=0
locale=en_US
thread_count=-1
data_provider_thread_count=-1
core_log_level=INFO
core_log_packages=com.qaprosoft.carina.core
log_all_json=true
date_format=HH:mm:ss yyyy-MM-dd
time_format=HH:mm:ss
test_naming_pattern={method_name}
element_loading_strategy=BY_PRESENCE_OR_VISIBILITY
page_opening_strategy=BY_URL_AND_ELEMENT
localization_encoding=utf-8
localization_testing=false
default_device_timezone=GMT
default_device_time_format=24
default_device_language=en_US
selenium_url=http://localhost:4723/wd/hub

------------- Driver capabilities -----------
capabilities.deviceName=Pixel 3a
capabilities.platformVersion=12
capabilities.automationName=uiautomator2
capabilities.browserName=chrome
capabilities.platformName=android
capabilities.deviceType=phone
================================================

2022-02-21 11:48:00 TestRunRegistrar [WARN] Reporting disabled: using no op test run registrar
2022-02-21 11:48:00 Reflections [INFO] Reflections took 440 ms to scan 7 urls, producing 1742 keys and 7957 values 
2022-02-21 11:48:00 FilterTestsListener [INFO] There are no any rules and limitations
2022-02-21 11:48:00 CarinaListener [INFO] Set thread-count=1
2022-02-21 11:48:00 CarinaListener [INFO] Set data-provider-thread-count=1
2022-02-21 11:48:00 CarinaListener [INFO] CARINA_CORE_VERSION: 7.2.14
2022-02-21 11:48:00 TestRunRegistrar [WARN] Reporting disabled: using no op test run registrar
2022-02-21 11:48:00 TestRunRegistrar [WARN] Reporting disabled: using no op test run registrar
2022-02-21 11:48:00 Messager [INFO] TEST [carina-phones-test - checkTest] STARTED at [11:48:00 2022-02-21]
2022-02-21 11:48:16 Messager [ERROR] TEST [carina-phones-test - checkTest] FAILED at [11:48:16 2022-02-21] - Unable to instantiate page!

com.qaprosoft.carina.core.foundation.utils.factory.ICustomTypePageFactory.initPage(ICustomTypePageFactory.java:140)
com.solvd.carinaphonestest.OnlinerTest.checkTest(OnlinerTest.java:11)
java.base/jdk.internal.reflect.NativeMethodAccessorImpl.invoke0(Native Method)
java.base/jdk.internal.reflect.NativeMethodAccessorImpl.invoke(NativeMethodAccessorImpl.java:77)
java.base/jdk.internal.reflect.DelegatingMethodAccessorImpl.invoke(DelegatingMethodAccessorImpl.java:43)
java.base/java.lang.reflect.Method.invoke(Method.java:568)
org.testng.internal.MethodInvocationHelper.invokeMethod(MethodInvocationHelper.java:133)
org.testng.internal.TestInvoker.invokeMethod(TestInvoker.java:598)
org.testng.internal.TestInvoker.invokeTestMethod(TestInvoker.java:173)
org.testng.internal.MethodRunner.runInSequence(MethodRunner.java:46)
org.testng.internal.TestInvoker$MethodInvocationAgent.invoke(TestInvoker.java:824)
org.testng.internal.TestInvoker.invokeTestMethods(TestInvoker.java:146)
org.testng.internal.TestMethodWorker.invokeTestMethods(TestMethodWorker.java:146)
org.testng.internal.TestMethodWorker.run(TestMethodWorker.java:128)
java.base/java.util.ArrayList.forEach(ArrayList.java:1511)
org.testng.TestRunner.privateRun(TestRunner.java:794)
org.testng.TestRunner.run(TestRunner.java:596)
org.testng.SuiteRunner.runTest(SuiteRunner.java:377)
org.testng.SuiteRunner.runSequentially(SuiteRunner.java:371)
org.testng.SuiteRunner.privateRun(SuiteRunner.java:332)
org.testng.SuiteRunner.run(SuiteRunner.java:276)
org.testng.SuiteRunnerWorker.runSuite(SuiteRunnerWorker.java:53)
org.testng.SuiteRunnerWorker.run(SuiteRunnerWorker.java:96)
org.testng.TestNG.runSuitesSequentially(TestNG.java:1212)
org.testng.TestNG.runSuitesLocally(TestNG.java:1134)
org.testng.TestNG.runSuites(TestNG.java:1063)
org.testng.TestNG.run(TestNG.java:1031)
com.intellij.rt.testng.IDEARemoteTestNG.run(IDEARemoteTestNG.java:66)
com.intellij.rt.testng.RemoteTestNGStarter.main(RemoteTestNGStarter.java:109)
2022-02-21 11:48:16 Messager [INFO] INFO: '**************** Test execution summary ****************'.
2022-02-21 11:48:16 Messager [INFO] RESULT #1: TEST [carina-phones-test - checkTest] FAIL [screenshots=file:///Users/apetrov/Documents/carina-phones-test/./reports/1645433280361/4406836c-750a-4281-bc86-f3b5a3c10cdd/report.html | log=file:///Users/apetrov/Documents/carina-phones-test/./reports/1645433280361/4406836c-750a-4281-bc86-f3b5a3c10cdd/test.log]
2022-02-21 11:50:14 CarinaListener [INFO] 
============= Test configuration =============
url=https://www.onliner.by
selenium_url=http://localhost:4723/wd/hub
max_driver_count=3
proxy_protocols=http,https,ftp
browsermob_port=0
auto_screenshot=true
explicit_timeout=200
retry_interval=10
project_report_directory=./reports
max_screen_history=10
big_screen_width=-1
big_screen_height=-1
init_retry_count=0
init_retry_interval=1
retry_count=0
locale=en_US
thread_count=-1
data_provider_thread_count=-1
core_log_level=INFO
core_log_packages=com.qaprosoft.carina.core
log_all_json=true
date_format=HH:mm:ss yyyy-MM-dd
time_format=HH:mm:ss
test_naming_pattern={method_name}
element_loading_strategy=BY_PRESENCE_OR_VISIBILITY
page_opening_strategy=BY_URL_AND_ELEMENT
localization_encoding=utf-8
localization_testing=false
default_device_timezone=GMT
default_device_time_format=24
default_device_language=en_US
selenium_url=http://localhost:4723/wd/hub

------------- Driver capabilities -----------
capabilities.deviceName=Pixel 3a
capabilities.platformVersion=12
capabilities.automationName=uiautomator2
capabilities.browserName=chrome
capabilities.platformName=android
capabilities.deviceType=phone
================================================

2022-02-21 11:50:14 TestRunRegistrar [WARN] Reporting disabled: using no op test run registrar
2022-02-21 11:50:14 Reflections [INFO] Reflections took 372 ms to scan 7 urls, producing 1742 keys and 7957 values 
2022-02-21 11:50:14 FilterTestsListener [INFO] There are no any rules and limitations
2022-02-21 11:50:14 CarinaListener [INFO] Set thread-count=1
2022-02-21 11:50:14 CarinaListener [INFO] Set data-provider-thread-count=1
2022-02-21 11:50:14 CarinaListener [INFO] CARINA_CORE_VERSION: 7.2.14
2022-02-21 11:50:14 TestRunRegistrar [WARN] Reporting disabled: using no op test run registrar
2022-02-21 11:50:14 TestRunRegistrar [WARN] Reporting disabled: using no op test run registrar
2022-02-21 11:50:14 Messager [INFO] TEST [carina-phones-test - checkTest] STARTED at [11:50:14 2022-02-21]
2022-02-21 11:50:21 Messager [ERROR] TEST [carina-phones-test - checkTest] FAILED at [11:50:21 2022-02-21] - Unable to instantiate page!

com.qaprosoft.carina.core.foundation.utils.factory.ICustomTypePageFactory.initPage(ICustomTypePageFactory.java:140)
com.solvd.carinaphonestest.OnlinerTest.checkTest(OnlinerTest.java:11)
java.base/jdk.internal.reflect.NativeMethodAccessorImpl.invoke0(Native Method)
java.base/jdk.internal.reflect.NativeMethodAccessorImpl.invoke(NativeMethodAccessorImpl.java:77)
java.base/jdk.internal.reflect.DelegatingMethodAccessorImpl.invoke(DelegatingMethodAccessorImpl.java:43)
java.base/java.lang.reflect.Method.invoke(Method.java:568)
org.testng.internal.MethodInvocationHelper.invokeMethod(MethodInvocationHelper.java:133)
org.testng.internal.TestInvoker.invokeMethod(TestInvoker.java:598)
org.testng.internal.TestInvoker.invokeTestMethod(TestInvoker.java:173)
org.testng.internal.MethodRunner.runInSequence(MethodRunner.java:46)
org.testng.internal.TestInvoker$MethodInvocationAgent.invoke(TestInvoker.java:824)
org.testng.internal.TestInvoker.invokeTestMethods(TestInvoker.java:146)
org.testng.internal.TestMethodWorker.invokeTestMethods(TestMethodWorker.java:146)
org.testng.internal.TestMethodWorker.run(TestMethodWorker.java:128)
java.base/java.util.ArrayList.forEach(ArrayList.java:1511)
org.testng.TestRunner.privateRun(TestRunner.java:794)
org.testng.TestRunner.run(TestRunner.java:596)
org.testng.SuiteRunner.runTest(SuiteRunner.java:377)
org.testng.SuiteRunner.runSequentially(SuiteRunner.java:371)
org.testng.SuiteRunner.privateRun(SuiteRunner.java:332)
org.testng.SuiteRunner.run(SuiteRunner.java:276)
org.testng.SuiteRunnerWorker.runSuite(SuiteRunnerWorker.java:53)
org.testng.SuiteRunnerWorker.run(SuiteRunnerWorker.java:96)
org.testng.TestNG.runSuitesSequentially(TestNG.java:1212)
org.testng.TestNG.runSuitesLocally(TestNG.java:1134)
org.testng.TestNG.runSuites(TestNG.java:1063)
org.testng.TestNG.run(TestNG.java:1031)
com.intellij.rt.testng.IDEARemoteTestNG.run(IDEARemoteTestNG.java:66)
com.intellij.rt.testng.RemoteTestNGStarter.main(RemoteTestNGStarter.java:109)
2022-02-21 11:50:21 Messager [INFO] INFO: '**************** Test execution summary ****************'.
2022-02-21 11:50:21 Messager [INFO] RESULT #1: TEST [carina-phones-test - checkTest] FAIL [screenshots=file:///Users/apetrov/Documents/carina-phones-test/./reports/1645433414142/04d2d3fb-2b12-47a3-89db-0d38b62dad74/report.html | log=file:///Users/apetrov/Documents/carina-phones-test/./reports/1645433414142/04d2d3fb-2b12-47a3-89db-0d38b62dad74/test.log]
2022-02-21 11:51:24 CarinaListener [INFO] 
============= Test configuration =============
url=https://www.onliner.by
selenium_url=http://localhost:4723/wd/hub
max_driver_count=3
proxy_protocols=http,https,ftp
browsermob_port=0
auto_screenshot=true
explicit_timeout=200
retry_interval=10
project_report_directory=./reports
max_screen_history=10
big_screen_width=-1
big_screen_height=-1
init_retry_count=0
init_retry_interval=1
retry_count=0
locale=en_US
thread_count=-1
data_provider_thread_count=-1
core_log_level=INFO
core_log_packages=com.qaprosoft.carina.core
log_all_json=true
date_format=HH:mm:ss yyyy-MM-dd
time_format=HH:mm:ss
test_naming_pattern={method_name}
element_loading_strategy=BY_PRESENCE_OR_VISIBILITY
page_opening_strategy=BY_URL_AND_ELEMENT
localization_encoding=utf-8
localization_testing=false
default_device_timezone=GMT
default_device_time_format=24
default_device_language=en_US
selenium_url=http://localhost:4723/wd/hub

------------- Driver capabilities -----------
capabilities.deviceName=Pixel 3a
capabilities.platformVersion=12
capabilities.automationName=uiautomator2
capabilities.browserName=chrome
capabilities.platformName=android
capabilities.deviceType=phone
================================================

2022-02-21 11:51:24 TestRunRegistrar [WARN] Reporting disabled: using no op test run registrar
2022-02-21 11:51:24 Reflections [INFO] Reflections took 485 ms to scan 7 urls, producing 1742 keys and 7957 values 
2022-02-21 11:51:24 FilterTestsListener [INFO] There are no any rules and limitations
2022-02-21 11:51:24 CarinaListener [INFO] Set thread-count=1
2022-02-21 11:51:24 CarinaListener [INFO] Set data-provider-thread-count=1
2022-02-21 11:51:24 CarinaListener [INFO] CARINA_CORE_VERSION: 7.2.14
2022-02-21 11:51:24 TestRunRegistrar [WARN] Reporting disabled: using no op test run registrar
2022-02-21 11:51:24 TestRunRegistrar [WARN] Reporting disabled: using no op test run registrar
2022-02-21 11:51:24 Messager [INFO] TEST [carina-phones-test - checkTest] STARTED at [11:51:24 2022-02-21]
2022-02-21 11:51:32 Messager [ERROR] TEST [carina-phones-test - checkTest] FAILED at [11:51:32 2022-02-21] - Unable to instantiate page!

com.qaprosoft.carina.core.foundation.utils.factory.ICustomTypePageFactory.initPage(ICustomTypePageFactory.java:140)
com.solvd.carinaphonestest.OnlinerTest.checkTest(OnlinerTest.java:11)
java.base/jdk.internal.reflect.NativeMethodAccessorImpl.invoke0(Native Method)
java.base/jdk.internal.reflect.NativeMethodAccessorImpl.invoke(NativeMethodAccessorImpl.java:77)
java.base/jdk.internal.reflect.DelegatingMethodAccessorImpl.invoke(DelegatingMethodAccessorImpl.java:43)
java.base/java.lang.reflect.Method.invoke(Method.java:568)
org.testng.internal.MethodInvocationHelper.invokeMethod(MethodInvocationHelper.java:133)
org.testng.internal.TestInvoker.invokeMethod(TestInvoker.java:598)
org.testng.internal.TestInvoker.invokeTestMethod(TestInvoker.java:173)
org.testng.internal.MethodRunner.runInSequence(MethodRunner.java:46)
org.testng.internal.TestInvoker$MethodInvocationAgent.invoke(TestInvoker.java:824)
org.testng.internal.TestInvoker.invokeTestMethods(TestInvoker.java:146)
org.testng.internal.TestMethodWorker.invokeTestMethods(TestMethodWorker.java:146)
org.testng.internal.TestMethodWorker.run(TestMethodWorker.java:128)
java.base/java.util.ArrayList.forEach(ArrayList.java:1511)
org.testng.TestRunner.privateRun(TestRunner.java:794)
org.testng.TestRunner.run(TestRunner.java:596)
org.testng.SuiteRunner.runTest(SuiteRunner.java:377)
org.testng.SuiteRunner.runSequentially(SuiteRunner.java:371)
org.testng.SuiteRunner.privateRun(SuiteRunner.java:332)
org.testng.SuiteRunner.run(SuiteRunner.java:276)
org.testng.SuiteRunnerWorker.runSuite(SuiteRunnerWorker.java:53)
org.testng.SuiteRunnerWorker.run(SuiteRunnerWorker.java:96)
org.testng.TestNG.runSuitesSequentially(TestNG.java:1212)
org.testng.TestNG.runSuitesLocally(TestNG.java:1134)
org.testng.TestNG.runSuites(TestNG.java:1063)
org.testng.TestNG.run(TestNG.java:1031)
com.intellij.rt.testng.IDEARemoteTestNG.run(IDEARemoteTestNG.java:66)
com.intellij.rt.testng.RemoteTestNGStarter.main(RemoteTestNGStarter.java:109)
2022-02-21 11:51:32 Messager [INFO] INFO: '**************** Test execution summary ****************'.
2022-02-21 11:51:32 Messager [INFO] RESULT #1: TEST [carina-phones-test - checkTest] FAIL [screenshots=file:///Users/apetrov/Documents/carina-phones-test/./reports/1645433484342/bb4959f0-d0dd-43e2-9d7c-390a8a74d5b7/report.html | log=file:///Users/apetrov/Documents/carina-phones-test/./reports/1645433484342/bb4959f0-d0dd-43e2-9d7c-390a8a74d5b7/test.log]
2022-02-21 11:57:25 CarinaListener [INFO] 
============= Test configuration =============
url=https://www.onliner.by
selenium_url=http://localhost:4723/wd/hub
max_driver_count=3
proxy_protocols=http,https,ftp
browsermob_port=0
auto_screenshot=true
explicit_timeout=200
retry_interval=10
project_report_directory=./reports
max_screen_history=10
big_screen_width=-1
big_screen_height=-1
init_retry_count=0
init_retry_interval=1
retry_count=0
locale=en_US
thread_count=-1
data_provider_thread_count=-1
core_log_level=INFO
core_log_packages=com.qaprosoft.carina.core
log_all_json=true
date_format=HH:mm:ss yyyy-MM-dd
time_format=HH:mm:ss
test_naming_pattern={method_name}
element_loading_strategy=BY_PRESENCE_OR_VISIBILITY
page_opening_strategy=BY_URL_AND_ELEMENT
localization_encoding=utf-8
localization_testing=false
default_device_timezone=GMT
default_device_time_format=24
default_device_language=en_US
selenium_url=http://localhost:4723/wd/hub

------------- Driver capabilities -----------
capabilities.deviceName=Pixel 3a
capabilities.platformVersion=12
capabilities.automationName=uiautomator2
capabilities.browserName=chrome
capabilities.platformName=ANDROID
capabilities.deviceType=phone
================================================

2022-02-21 11:57:25 TestRunRegistrar [WARN] Reporting disabled: using no op test run registrar
2022-02-21 11:57:25 Reflections [INFO] Reflections took 443 ms to scan 7 urls, producing 1742 keys and 7957 values 
2022-02-21 11:57:25 FilterTestsListener [INFO] There are no any rules and limitations
2022-02-21 11:57:25 CarinaListener [INFO] Set thread-count=1
2022-02-21 11:57:25 CarinaListener [INFO] Set data-provider-thread-count=1
2022-02-21 11:57:25 CarinaListener [INFO] CARINA_CORE_VERSION: 7.2.14
2022-02-21 11:57:25 TestRunRegistrar [WARN] Reporting disabled: using no op test run registrar
2022-02-21 11:57:25 TestRunRegistrar [WARN] Reporting disabled: using no op test run registrar
2022-02-21 11:57:25 Messager [INFO] TEST [carina-phones-test - checkTest] STARTED at [11:57:25 2022-02-21]
2022-02-21 11:57:34 Messager [ERROR] TEST [carina-phones-test - checkTest] FAILED at [11:57:34 2022-02-21] - Unable to instantiate page!

com.qaprosoft.carina.core.foundation.utils.factory.ICustomTypePageFactory.initPage(ICustomTypePageFactory.java:140)
com.solvd.carinaphonestest.OnlinerTest.checkTest(OnlinerTest.java:11)
java.base/jdk.internal.reflect.NativeMethodAccessorImpl.invoke0(Native Method)
java.base/jdk.internal.reflect.NativeMethodAccessorImpl.invoke(NativeMethodAccessorImpl.java:77)
java.base/jdk.internal.reflect.DelegatingMethodAccessorImpl.invoke(DelegatingMethodAccessorImpl.java:43)
java.base/java.lang.reflect.Method.invoke(Method.java:568)
org.testng.internal.MethodInvocationHelper.invokeMethod(MethodInvocationHelper.java:133)
org.testng.internal.TestInvoker.invokeMethod(TestInvoker.java:598)
org.testng.internal.TestInvoker.invokeTestMethod(TestInvoker.java:173)
org.testng.internal.MethodRunner.runInSequence(MethodRunner.java:46)
org.testng.internal.TestInvoker$MethodInvocationAgent.invoke(TestInvoker.java:824)
org.testng.internal.TestInvoker.invokeTestMethods(TestInvoker.java:146)
org.testng.internal.TestMethodWorker.invokeTestMethods(TestMethodWorker.java:146)
org.testng.internal.TestMethodWorker.run(TestMethodWorker.java:128)
java.base/java.util.ArrayList.forEach(ArrayList.java:1511)
org.testng.TestRunner.privateRun(TestRunner.java:794)
org.testng.TestRunner.run(TestRunner.java:596)
org.testng.SuiteRunner.runTest(SuiteRunner.java:377)
org.testng.SuiteRunner.runSequentially(SuiteRunner.java:371)
org.testng.SuiteRunner.privateRun(SuiteRunner.java:332)
org.testng.SuiteRunner.run(SuiteRunner.java:276)
org.testng.SuiteRunnerWorker.runSuite(SuiteRunnerWorker.java:53)
org.testng.SuiteRunnerWorker.run(SuiteRunnerWorker.java:96)
org.testng.TestNG.runSuitesSequentially(TestNG.java:1212)
org.testng.TestNG.runSuitesLocally(TestNG.java:1134)
org.testng.TestNG.runSuites(TestNG.java:1063)
org.testng.TestNG.run(TestNG.java:1031)
com.intellij.rt.testng.IDEARemoteTestNG.run(IDEARemoteTestNG.java:66)
com.intellij.rt.testng.RemoteTestNGStarter.main(RemoteTestNGStarter.java:109)
2022-02-21 11:57:34 Messager [INFO] INFO: '**************** Test execution summary ****************'.
2022-02-21 11:57:34 Messager [INFO] RESULT #1: TEST [carina-phones-test - checkTest] FAIL [screenshots=file:///Users/apetrov/Documents/carina-phones-test/./reports/1645433845175/0c3dcb6f-7e5e-4f78-a5e6-ef8ab06b4fb3/report.html | log=file:///Users/apetrov/Documents/carina-phones-test/./reports/1645433845175/0c3dcb6f-7e5e-4f78-a5e6-ef8ab06b4fb3/test.log]
2022-02-21 11:59:56 CarinaListener [INFO] 
============= Test configuration =============
url=https://www.onliner.by
selenium_url=http://localhost:4723/wd/hub
max_driver_count=3
proxy_protocols=http,https,ftp
browsermob_port=0
auto_screenshot=true
explicit_timeout=200
retry_interval=10
project_report_directory=./reports
max_screen_history=10
big_screen_width=-1
big_screen_height=-1
init_retry_count=0
init_retry_interval=1
retry_count=0
locale=en_US
thread_count=-1
data_provider_thread_count=-1
core_log_level=INFO
core_log_packages=com.qaprosoft.carina.core
log_all_json=true
date_format=HH:mm:ss yyyy-MM-dd
time_format=HH:mm:ss
test_naming_pattern={method_name}
element_loading_strategy=BY_PRESENCE_OR_VISIBILITY
page_opening_strategy=BY_URL_AND_ELEMENT
localization_encoding=utf-8
localization_testing=false
default_device_timezone=GMT
default_device_time_format=24
default_device_language=en_US
selenium_url=http://localhost:4723/wd/hub

------------- Driver capabilities -----------
capabilities.deviceName=Pixel 3a
capabilities.platformVersion=12
capabilities.automationName=uiautomator2
capabilities.browserName=chrome
capabilities.platformName=ANDROID
capabilities.deviceType=phone
================================================

2022-02-21 11:59:56 TestRunRegistrar [WARN] Reporting disabled: using no op test run registrar
2022-02-21 11:59:57 Reflections [INFO] Reflections took 388 ms to scan 7 urls, producing 1742 keys and 7957 values 
2022-02-21 11:59:57 FilterTestsListener [INFO] There are no any rules and limitations
2022-02-21 11:59:57 CarinaListener [INFO] Set thread-count=1
2022-02-21 11:59:57 CarinaListener [INFO] Set data-provider-thread-count=1
2022-02-21 11:59:57 CarinaListener [INFO] CARINA_CORE_VERSION: 7.2.14
2022-02-21 11:59:57 TestRunRegistrar [WARN] Reporting disabled: using no op test run registrar
2022-02-21 11:59:57 TestRunRegistrar [WARN] Reporting disabled: using no op test run registrar
2022-02-21 11:59:57 Messager [INFO] TEST [carina-phones-test - checkTest] STARTED at [11:59:57 2022-02-21]
2022-02-21 12:00:04 Messager [ERROR] TEST [carina-phones-test - checkTest] FAILED at [12:00:04 2022-02-21] - Unable to instantiate page!

com.qaprosoft.carina.core.foundation.utils.factory.ICustomTypePageFactory.initPage(ICustomTypePageFactory.java:140)
com.solvd.carinaphonestest.OnlinerTest.checkTest(OnlinerTest.java:11)
java.base/jdk.internal.reflect.NativeMethodAccessorImpl.invoke0(Native Method)
java.base/jdk.internal.reflect.NativeMethodAccessorImpl.invoke(NativeMethodAccessorImpl.java:77)
java.base/jdk.internal.reflect.DelegatingMethodAccessorImpl.invoke(DelegatingMethodAccessorImpl.java:43)
java.base/java.lang.reflect.Method.invoke(Method.java:568)
org.testng.internal.MethodInvocationHelper.invokeMethod(MethodInvocationHelper.java:133)
org.testng.internal.TestInvoker.invokeMethod(TestInvoker.java:598)
org.testng.internal.TestInvoker.invokeTestMethod(TestInvoker.java:173)
org.testng.internal.MethodRunner.runInSequence(MethodRunner.java:46)
org.testng.internal.TestInvoker$MethodInvocationAgent.invoke(TestInvoker.java:824)
org.testng.internal.TestInvoker.invokeTestMethods(TestInvoker.java:146)
org.testng.internal.TestMethodWorker.invokeTestMethods(TestMethodWorker.java:146)
org.testng.internal.TestMethodWorker.run(TestMethodWorker.java:128)
java.base/java.util.ArrayList.forEach(ArrayList.java:1511)
org.testng.TestRunner.privateRun(TestRunner.java:794)
org.testng.TestRunner.run(TestRunner.java:596)
org.testng.SuiteRunner.runTest(SuiteRunner.java:377)
org.testng.SuiteRunner.runSequentially(SuiteRunner.java:371)
org.testng.SuiteRunner.privateRun(SuiteRunner.java:332)
org.testng.SuiteRunner.run(SuiteRunner.java:276)
org.testng.SuiteRunnerWorker.runSuite(SuiteRunnerWorker.java:53)
org.testng.SuiteRunnerWorker.run(SuiteRunnerWorker.java:96)
org.testng.TestNG.runSuitesSequentially(TestNG.java:1212)
org.testng.TestNG.runSuitesLocally(TestNG.java:1134)
org.testng.TestNG.runSuites(TestNG.java:1063)
org.testng.TestNG.run(TestNG.java:1031)
com.intellij.rt.testng.IDEARemoteTestNG.run(IDEARemoteTestNG.java:66)
com.intellij.rt.testng.RemoteTestNGStarter.main(RemoteTestNGStarter.java:109)
2022-02-21 12:00:04 Messager [INFO] INFO: '**************** Test execution summary ****************'.
2022-02-21 12:00:04 Messager [INFO] RESULT #1: TEST [carina-phones-test - checkTest] FAIL [screenshots=file:///Users/apetrov/Documents/carina-phones-test/./reports/1645433996658/06c5b591-8af9-49e4-ae64-6feef0e59a64/report.html | log=file:///Users/apetrov/Documents/carina-phones-test/./reports/1645433996658/06c5b591-8af9-49e4-ae64-6feef0e59a64/test.log]
2022-02-21 12:08:42 CarinaListener [INFO] 
============= Test configuration =============
url=https://www.onliner.by
selenium_url=http://localhost:4723/wd/hub
max_driver_count=3
proxy_protocols=http,https,ftp
browsermob_port=0
auto_screenshot=true
explicit_timeout=200
retry_interval=10
project_report_directory=./reports
max_screen_history=10
big_screen_width=-1
big_screen_height=-1
init_retry_count=0
init_retry_interval=1
retry_count=0
locale=en_US
thread_count=-1
data_provider_thread_count=-1
core_log_level=INFO
core_log_packages=com.qaprosoft.carina.core
log_all_json=true
date_format=HH:mm:ss yyyy-MM-dd
time_format=HH:mm:ss
test_naming_pattern={method_name}
element_loading_strategy=BY_PRESENCE_OR_VISIBILITY
page_opening_strategy=BY_URL_AND_ELEMENT
localization_encoding=utf-8
localization_testing=false
default_device_timezone=GMT
default_device_time_format=24
default_device_language=en_US
selenium_url=http://localhost:4723/wd/hub

------------- Driver capabilities -----------
capabilities.deviceName=Pixel 3a
capabilities.platformVersion=12
capabilities.automationName=uiautomator2
capabilities.browserName=chrome
capabilities.platformName=ANDROID
capabilities.deviceType=phone
================================================

2022-02-21 12:08:42 TestRunRegistrar [WARN] Reporting disabled: using no op test run registrar
2022-02-21 12:08:42 Reflections [INFO] Reflections took 370 ms to scan 7 urls, producing 1743 keys and 7958 values 
2022-02-21 12:08:42 FilterTestsListener [INFO] There are no any rules and limitations
2022-02-21 12:08:42 CarinaListener [INFO] Set thread-count=1
2022-02-21 12:08:42 CarinaListener [INFO] Set data-provider-thread-count=1
2022-02-21 12:08:42 CarinaListener [INFO] CARINA_CORE_VERSION: 7.2.14
2022-02-21 12:08:42 TestRunRegistrar [WARN] Reporting disabled: using no op test run registrar
2022-02-21 12:08:42 TestRunRegistrar [WARN] Reporting disabled: using no op test run registrar
2022-02-21 12:08:42 Messager [INFO] TEST [carina-phones-test - checkTest] STARTED at [12:08:42 2022-02-21]
2022-02-21 12:08:51 Messager [ERROR] TEST [carina-phones-test - checkTest] FAILED at [12:08:51 2022-02-21] - Unable to instantiate page!

com.qaprosoft.carina.core.foundation.utils.factory.ICustomTypePageFactory.initPage(ICustomTypePageFactory.java:140)
com.solvd.carinaphonestest.service.HomePageService.<init>(HomePageService.java:11)
com.solvd.carinaphonestest.OnlinerTest.checkTest(OnlinerTest.java:11)
java.base/jdk.internal.reflect.NativeMethodAccessorImpl.invoke0(Native Method)
java.base/jdk.internal.reflect.NativeMethodAccessorImpl.invoke(NativeMethodAccessorImpl.java:77)
java.base/jdk.internal.reflect.DelegatingMethodAccessorImpl.invoke(DelegatingMethodAccessorImpl.java:43)
java.base/java.lang.reflect.Method.invoke(Method.java:568)
org.testng.internal.MethodInvocationHelper.invokeMethod(MethodInvocationHelper.java:133)
org.testng.internal.TestInvoker.invokeMethod(TestInvoker.java:598)
org.testng.internal.TestInvoker.invokeTestMethod(TestInvoker.java:173)
org.testng.internal.MethodRunner.runInSequence(MethodRunner.java:46)
org.testng.internal.TestInvoker$MethodInvocationAgent.invoke(TestInvoker.java:824)
org.testng.internal.TestInvoker.invokeTestMethods(TestInvoker.java:146)
org.testng.internal.TestMethodWorker.invokeTestMethods(TestMethodWorker.java:146)
org.testng.internal.TestMethodWorker.run(TestMethodWorker.java:128)
java.base/java.util.ArrayList.forEach(ArrayList.java:1511)
org.testng.TestRunner.privateRun(TestRunner.java:794)
org.testng.TestRunner.run(TestRunner.java:596)
org.testng.SuiteRunner.runTest(SuiteRunner.java:377)
org.testng.SuiteRunner.runSequentially(SuiteRunner.java:371)
org.testng.SuiteRunner.privateRun(SuiteRunner.java:332)
org.testng.SuiteRunner.run(SuiteRunner.java:276)
org.testng.SuiteRunnerWorker.runSuite(SuiteRunnerWorker.java:53)
org.testng.SuiteRunnerWorker.run(SuiteRunnerWorker.java:96)
org.testng.TestNG.runSuitesSequentially(TestNG.java:1212)
org.testng.TestNG.runSuitesLocally(TestNG.java:1134)
org.testng.TestNG.runSuites(TestNG.java:1063)
org.testng.TestNG.run(TestNG.java:1031)
com.intellij.rt.testng.IDEARemoteTestNG.run(IDEARemoteTestNG.java:66)
com.intellij.rt.testng.RemoteTestNGStarter.main(RemoteTestNGStarter.java:109)
2022-02-21 12:08:51 Messager [INFO] INFO: '**************** Test execution summary ****************'.
2022-02-21 12:08:51 Messager [INFO] RESULT #1: TEST [carina-phones-test - checkTest] FAIL [screenshots=file:///Users/apetrov/Documents/carina-phones-test/./reports/1645434522320/c93eb6d6-2bba-4629-888f-ae90e94f6846/report.html | log=file:///Users/apetrov/Documents/carina-phones-test/./reports/1645434522320/c93eb6d6-2bba-4629-888f-ae90e94f6846/test.log]
2022-02-21 12:10:52 CarinaListener [INFO] 
============= Test configuration =============
url=https://www.onliner.by
selenium_url=http://localhost:4723/wd/hub
max_driver_count=3
proxy_protocols=http,https,ftp
browsermob_port=0
auto_screenshot=true
explicit_timeout=200
retry_interval=10
project_report_directory=./reports
max_screen_history=10
big_screen_width=-1
big_screen_height=-1
init_retry_count=0
init_retry_interval=1
retry_count=0
locale=en_US
thread_count=-1
data_provider_thread_count=-1
core_log_level=INFO
core_log_packages=com.qaprosoft.carina.core
log_all_json=true
date_format=HH:mm:ss yyyy-MM-dd
time_format=HH:mm:ss
test_naming_pattern={method_name}
element_loading_strategy=BY_PRESENCE_OR_VISIBILITY
page_opening_strategy=BY_URL_AND_ELEMENT
localization_encoding=utf-8
localization_testing=false
default_device_timezone=GMT
default_device_time_format=24
default_device_language=en_US
selenium_url=http://localhost:4723/wd/hub

------------- Driver capabilities -----------
capabilities.deviceName=Pixel 3a
capabilities.platformVersion=12
capabilities.automationName=uiautomator2
capabilities.browserName=chrome
capabilities.platformName=ANDROID
capabilities.deviceType=phone
================================================

2022-02-21 12:10:52 TestRunRegistrar [WARN] Reporting disabled: using no op test run registrar
2022-02-21 12:10:52 Reflections [INFO] Reflections took 404 ms to scan 7 urls, producing 1743 keys and 7958 values 
2022-02-21 12:10:52 FilterTestsListener [INFO] There are no any rules and limitations
2022-02-21 12:10:52 CarinaListener [INFO] Set thread-count=1
2022-02-21 12:10:52 CarinaListener [INFO] Set data-provider-thread-count=1
2022-02-21 12:10:52 CarinaListener [INFO] CARINA_CORE_VERSION: 7.2.14
2022-02-21 12:10:52 TestRunRegistrar [WARN] Reporting disabled: using no op test run registrar
2022-02-21 12:10:52 TestRunRegistrar [WARN] Reporting disabled: using no op test run registrar
2022-02-21 12:10:52 Messager [INFO] TEST [carina-phones-test - checkTest] STARTED at [12:10:52 2022-02-21]
2022-02-21 12:11:02 Messager [ERROR] TEST [carina-phones-test - checkTest] FAILED at [12:11:02 2022-02-21] - Unable to instantiate page!

com.qaprosoft.carina.core.foundation.utils.factory.ICustomTypePageFactory.initPage(ICustomTypePageFactory.java:140)
com.solvd.carinaphonestest.service.HomePageService.<init>(HomePageService.java:11)
com.solvd.carinaphonestest.OnlinerTest.checkTest(OnlinerTest.java:11)
java.base/jdk.internal.reflect.NativeMethodAccessorImpl.invoke0(Native Method)
java.base/jdk.internal.reflect.NativeMethodAccessorImpl.invoke(NativeMethodAccessorImpl.java:77)
java.base/jdk.internal.reflect.DelegatingMethodAccessorImpl.invoke(DelegatingMethodAccessorImpl.java:43)
java.base/java.lang.reflect.Method.invoke(Method.java:568)
org.testng.internal.MethodInvocationHelper.invokeMethod(MethodInvocationHelper.java:133)
org.testng.internal.TestInvoker.invokeMethod(TestInvoker.java:598)
org.testng.internal.TestInvoker.invokeTestMethod(TestInvoker.java:173)
org.testng.internal.MethodRunner.runInSequence(MethodRunner.java:46)
org.testng.internal.TestInvoker$MethodInvocationAgent.invoke(TestInvoker.java:824)
org.testng.internal.TestInvoker.invokeTestMethods(TestInvoker.java:146)
org.testng.internal.TestMethodWorker.invokeTestMethods(TestMethodWorker.java:146)
org.testng.internal.TestMethodWorker.run(TestMethodWorker.java:128)
java.base/java.util.ArrayList.forEach(ArrayList.java:1511)
org.testng.TestRunner.privateRun(TestRunner.java:794)
org.testng.TestRunner.run(TestRunner.java:596)
org.testng.SuiteRunner.runTest(SuiteRunner.java:377)
org.testng.SuiteRunner.runSequentially(SuiteRunner.java:371)
org.testng.SuiteRunner.privateRun(SuiteRunner.java:332)
org.testng.SuiteRunner.run(SuiteRunner.java:276)
org.testng.SuiteRunnerWorker.runSuite(SuiteRunnerWorker.java:53)
org.testng.SuiteRunnerWorker.run(SuiteRunnerWorker.java:96)
org.testng.TestNG.runSuitesSequentially(TestNG.java:1212)
org.testng.TestNG.runSuitesLocally(TestNG.java:1134)
org.testng.TestNG.runSuites(TestNG.java:1063)
org.testng.TestNG.run(TestNG.java:1031)
com.intellij.rt.testng.IDEARemoteTestNG.run(IDEARemoteTestNG.java:66)
com.intellij.rt.testng.RemoteTestNGStarter.main(RemoteTestNGStarter.java:109)
2022-02-21 12:11:02 Messager [INFO] INFO: '**************** Test execution summary ****************'.
2022-02-21 12:11:02 Messager [INFO] RESULT #1: TEST [carina-phones-test - checkTest] FAIL [screenshots=file:///Users/apetrov/Documents/carina-phones-test/./reports/1645434652283/a479d863-f5a5-4dbb-a434-1f5aa0fde730/report.html | log=file:///Users/apetrov/Documents/carina-phones-test/./reports/1645434652283/a479d863-f5a5-4dbb-a434-1f5aa0fde730/test.log]
2022-02-21 12:40:10 CarinaListener [INFO] 
============= Test configuration =============
url=https://www.onliner.by
selenium_url=http://localhost:4723/wd/hub
max_driver_count=3
proxy_protocols=http,https,ftp
browsermob_port=0
auto_screenshot=true
explicit_timeout=200
retry_interval=10
project_report_directory=./reports
max_screen_history=10
big_screen_width=-1
big_screen_height=-1
init_retry_count=0
init_retry_interval=1
retry_count=0
locale=en_US
thread_count=-1
data_provider_thread_count=-1
core_log_level=INFO
core_log_packages=com.qaprosoft.carina.core
log_all_json=true
date_format=HH:mm:ss yyyy-MM-dd
time_format=HH:mm:ss
test_naming_pattern={method_name}
element_loading_strategy=BY_PRESENCE_OR_VISIBILITY
page_opening_strategy=BY_URL_AND_ELEMENT
localization_encoding=utf-8
localization_testing=false
default_device_timezone=GMT
default_device_time_format=24
default_device_language=en_US
selenium_url=http://localhost:4723/wd/hub

------------- Driver capabilities -----------
capabilities.deviceName=Pixel 3a
capabilities.platformVersion=12
capabilities.automationName=uiautomator2
capabilities.browserName=chrome
capabilities.platformName=ANDROID
capabilities.deviceType=phone
================================================

2022-02-21 12:40:10 TestRunRegistrar [WARN] Reporting disabled: using no op test run registrar
2022-02-21 12:40:11 Reflections [INFO] Reflections took 409 ms to scan 7 urls, producing 1743 keys and 7958 values 
2022-02-21 12:40:11 FilterTestsListener [INFO] There are no any rules and limitations
2022-02-21 12:40:11 CarinaListener [INFO] Set thread-count=1
2022-02-21 12:40:11 CarinaListener [INFO] Set data-provider-thread-count=1
2022-02-21 12:40:11 CarinaListener [INFO] CARINA_CORE_VERSION: 7.2.14
2022-02-21 12:40:11 TestRunRegistrar [WARN] Reporting disabled: using no op test run registrar
2022-02-21 12:40:11 TestRunRegistrar [WARN] Reporting disabled: using no op test run registrar
2022-02-21 12:40:11 Messager [INFO] TEST [carina-phones-test - checkTest] STARTED at [12:40:11 2022-02-21]
2022-02-21 12:40:21 Messager [ERROR] TEST [carina-phones-test - checkTest] FAILED at [12:40:21 2022-02-21] - Unable to instantiate page!

com.qaprosoft.carina.core.foundation.utils.factory.ICustomTypePageFactory.initPage(ICustomTypePageFactory.java:140)
com.solvd.carinaphonestest.service.HomePageService.<init>(HomePageService.java:11)
com.solvd.carinaphonestest.OnlinerTest.checkTest(OnlinerTest.java:11)
java.base/jdk.internal.reflect.NativeMethodAccessorImpl.invoke0(Native Method)
java.base/jdk.internal.reflect.NativeMethodAccessorImpl.invoke(NativeMethodAccessorImpl.java:77)
java.base/jdk.internal.reflect.DelegatingMethodAccessorImpl.invoke(DelegatingMethodAccessorImpl.java:43)
java.base/java.lang.reflect.Method.invoke(Method.java:568)
org.testng.internal.MethodInvocationHelper.invokeMethod(MethodInvocationHelper.java:133)
org.testng.internal.TestInvoker.invokeMethod(TestInvoker.java:598)
org.testng.internal.TestInvoker.invokeTestMethod(TestInvoker.java:173)
org.testng.internal.MethodRunner.runInSequence(MethodRunner.java:46)
org.testng.internal.TestInvoker$MethodInvocationAgent.invoke(TestInvoker.java:824)
org.testng.internal.TestInvoker.invokeTestMethods(TestInvoker.java:146)
org.testng.internal.TestMethodWorker.invokeTestMethods(TestMethodWorker.java:146)
org.testng.internal.TestMethodWorker.run(TestMethodWorker.java:128)
java.base/java.util.ArrayList.forEach(ArrayList.java:1511)
org.testng.TestRunner.privateRun(TestRunner.java:794)
org.testng.TestRunner.run(TestRunner.java:596)
org.testng.SuiteRunner.runTest(SuiteRunner.java:377)
org.testng.SuiteRunner.runSequentially(SuiteRunner.java:371)
org.testng.SuiteRunner.privateRun(SuiteRunner.java:332)
org.testng.SuiteRunner.run(SuiteRunner.java:276)
org.testng.SuiteRunnerWorker.runSuite(SuiteRunnerWorker.java:53)
org.testng.SuiteRunnerWorker.run(SuiteRunnerWorker.java:96)
org.testng.TestNG.runSuitesSequentially(TestNG.java:1212)
org.testng.TestNG.runSuitesLocally(TestNG.java:1134)
org.testng.TestNG.runSuites(TestNG.java:1063)
org.testng.TestNG.run(TestNG.java:1031)
com.intellij.rt.testng.IDEARemoteTestNG.run(IDEARemoteTestNG.java:66)
com.intellij.rt.testng.RemoteTestNGStarter.main(RemoteTestNGStarter.java:109)
2022-02-21 12:40:21 Messager [INFO] INFO: '**************** Test execution summary ****************'.
2022-02-21 12:40:21 Messager [INFO] RESULT #1: TEST [carina-phones-test - checkTest] FAIL [screenshots=file:///Users/apetrov/Documents/carina-phones-test/./reports/1645436410600/aadcd962-2e10-48d7-9089-57d6603baf36/report.html | log=file:///Users/apetrov/Documents/carina-phones-test/./reports/1645436410600/aadcd962-2e10-48d7-9089-57d6603baf36/test.log]
2022-02-21 12:41:08 CarinaListener [INFO] 
============= Test configuration =============
url=https://www.onliner.by
selenium_url=http://127.0.0.1:4723/wd/hub
max_driver_count=3
proxy_protocols=http,https,ftp
browsermob_port=0
auto_screenshot=true
explicit_timeout=200
retry_interval=10
project_report_directory=./reports
max_screen_history=10
big_screen_width=-1
big_screen_height=-1
init_retry_count=0
init_retry_interval=1
retry_count=0
locale=en_US
thread_count=-1
data_provider_thread_count=-1
core_log_level=INFO
core_log_packages=com.qaprosoft.carina.core
log_all_json=true
date_format=HH:mm:ss yyyy-MM-dd
time_format=HH:mm:ss
test_naming_pattern={method_name}
element_loading_strategy=BY_PRESENCE_OR_VISIBILITY
page_opening_strategy=BY_URL_AND_ELEMENT
localization_encoding=utf-8
localization_testing=false
default_device_timezone=GMT
default_device_time_format=24
default_device_language=en_US
selenium_url=http://127.0.0.1:4723/wd/hub

------------- Driver capabilities -----------
capabilities.deviceName=Pixel 3a
capabilities.platformVersion=12
capabilities.automationName=uiautomator2
capabilities.browserName=chrome
capabilities.platformName=ANDROID
capabilities.deviceType=phone
================================================

2022-02-21 12:41:08 TestRunRegistrar [WARN] Reporting disabled: using no op test run registrar
2022-02-21 12:41:08 Reflections [INFO] Reflections took 390 ms to scan 7 urls, producing 1743 keys and 7958 values 
2022-02-21 12:41:08 FilterTestsListener [INFO] There are no any rules and limitations
2022-02-21 12:41:08 CarinaListener [INFO] Set thread-count=1
2022-02-21 12:41:08 CarinaListener [INFO] Set data-provider-thread-count=1
2022-02-21 12:41:08 CarinaListener [INFO] CARINA_CORE_VERSION: 7.2.14
2022-02-21 12:41:08 TestRunRegistrar [WARN] Reporting disabled: using no op test run registrar
2022-02-21 12:41:08 TestRunRegistrar [WARN] Reporting disabled: using no op test run registrar
2022-02-21 12:41:08 Messager [INFO] TEST [carina-phones-test - checkTest] STARTED at [12:41:08 2022-02-21]
2022-02-21 12:41:17 Messager [ERROR] TEST [carina-phones-test - checkTest] FAILED at [12:41:17 2022-02-21] - Unable to instantiate page!

com.qaprosoft.carina.core.foundation.utils.factory.ICustomTypePageFactory.initPage(ICustomTypePageFactory.java:140)
com.solvd.carinaphonestest.service.HomePageService.<init>(HomePageService.java:11)
com.solvd.carinaphonestest.OnlinerTest.checkTest(OnlinerTest.java:11)
java.base/jdk.internal.reflect.NativeMethodAccessorImpl.invoke0(Native Method)
java.base/jdk.internal.reflect.NativeMethodAccessorImpl.invoke(NativeMethodAccessorImpl.java:77)
java.base/jdk.internal.reflect.DelegatingMethodAccessorImpl.invoke(DelegatingMethodAccessorImpl.java:43)
java.base/java.lang.reflect.Method.invoke(Method.java:568)
org.testng.internal.MethodInvocationHelper.invokeMethod(MethodInvocationHelper.java:133)
org.testng.internal.TestInvoker.invokeMethod(TestInvoker.java:598)
org.testng.internal.TestInvoker.invokeTestMethod(TestInvoker.java:173)
org.testng.internal.MethodRunner.runInSequence(MethodRunner.java:46)
org.testng.internal.TestInvoker$MethodInvocationAgent.invoke(TestInvoker.java:824)
org.testng.internal.TestInvoker.invokeTestMethods(TestInvoker.java:146)
org.testng.internal.TestMethodWorker.invokeTestMethods(TestMethodWorker.java:146)
org.testng.internal.TestMethodWorker.run(TestMethodWorker.java:128)
java.base/java.util.ArrayList.forEach(ArrayList.java:1511)
org.testng.TestRunner.privateRun(TestRunner.java:794)
org.testng.TestRunner.run(TestRunner.java:596)
org.testng.SuiteRunner.runTest(SuiteRunner.java:377)
org.testng.SuiteRunner.runSequentially(SuiteRunner.java:371)
org.testng.SuiteRunner.privateRun(SuiteRunner.java:332)
org.testng.SuiteRunner.run(SuiteRunner.java:276)
org.testng.SuiteRunnerWorker.runSuite(SuiteRunnerWorker.java:53)
org.testng.SuiteRunnerWorker.run(SuiteRunnerWorker.java:96)
org.testng.TestNG.runSuitesSequentially(TestNG.java:1212)
org.testng.TestNG.runSuitesLocally(TestNG.java:1134)
org.testng.TestNG.runSuites(TestNG.java:1063)
org.testng.TestNG.run(TestNG.java:1031)
com.intellij.rt.testng.IDEARemoteTestNG.run(IDEARemoteTestNG.java:66)
com.intellij.rt.testng.RemoteTestNGStarter.main(RemoteTestNGStarter.java:109)
2022-02-21 12:41:17 Messager [INFO] INFO: '**************** Test execution summary ****************'.
2022-02-21 12:41:17 Messager [INFO] RESULT #1: TEST [carina-phones-test - checkTest] FAIL [screenshots=file:///Users/apetrov/Documents/carina-phones-test/./reports/1645436468481/1deeb85d-e2f3-4ced-ae67-852e0d052e56/report.html | log=file:///Users/apetrov/Documents/carina-phones-test/./reports/1645436468481/1deeb85d-e2f3-4ced-ae67-852e0d052e56/test.log]
2022-02-21 12:54:30 CarinaListener [INFO] 
============= Test configuration =============
url=https://www.onliner.by
selenium_url=http://localhost:4723/wd/hub
max_driver_count=3
proxy_protocols=http,https,ftp
browsermob_port=0
auto_screenshot=true
explicit_timeout=200
retry_interval=10
project_report_directory=./reports
max_screen_history=10
big_screen_width=-1
big_screen_height=-1
init_retry_count=0
init_retry_interval=1
retry_count=0
locale=en_US
thread_count=-1
data_provider_thread_count=-1
core_log_level=INFO
core_log_packages=com.qaprosoft.carina.core
log_all_json=true
date_format=HH:mm:ss yyyy-MM-dd
time_format=HH:mm:ss
test_naming_pattern={method_name}
element_loading_strategy=BY_PRESENCE_OR_VISIBILITY
page_opening_strategy=BY_URL_AND_ELEMENT
localization_encoding=utf-8
localization_testing=false
default_device_timezone=GMT
default_device_time_format=24
default_device_language=en_US
selenium_url=http://localhost:4723/wd/hub

------------- Driver capabilities -----------
capabilities.deviceName=Pixel 3a
capabilities.platformVersion=12
capabilities.automationName=uiautomator2
capabilities.browserName=chrome
capabilities.platformName=ANDROID
capabilities.deviceType=phone
================================================

2022-02-21 12:54:30 TestRunRegistrar [WARN] Reporting disabled: using no op test run registrar
2022-02-21 12:54:31 Reflections [INFO] Reflections took 398 ms to scan 7 urls, producing 1743 keys and 7958 values 
2022-02-21 12:54:31 FilterTestsListener [INFO] There are no any rules and limitations
2022-02-21 12:54:31 CarinaListener [INFO] Set thread-count=1
2022-02-21 12:54:31 CarinaListener [INFO] Set data-provider-thread-count=1
2022-02-21 12:54:31 CarinaListener [INFO] CARINA_CORE_VERSION: 7.2.14
2022-02-21 12:54:31 TestRunRegistrar [WARN] Reporting disabled: using no op test run registrar
2022-02-21 12:54:31 TestRunRegistrar [WARN] Reporting disabled: using no op test run registrar
2022-02-21 12:54:31 Messager [INFO] TEST [carina-phones-test - checkTest] STARTED at [12:54:31 2022-02-21]
2022-02-21 12:54:31 IDriverPool [ERROR] Driver initialization 'default' FAILED! Retry 1 of 1 time - Connection refused
Build info: version: '3.141.59', revision: 'e82be7d358', time: '2018-11-14T08:17:03'
System info: host: 'Artems-MacBook-Pro.local', ip: 'fe80:0:0:0:1cc1:b7a6:ed53:2c20%en0', os.name: 'Mac OS X', os.arch: 'aarch64', os.version: '12.2', java.version: '17.0.2'
Driver info: driver.version: AndroidDriver
org.openqa.selenium.WebDriverException: Connection refused
Build info: version: '3.141.59', revision: 'e82be7d358', time: '2018-11-14T08:17:03'
System info: host: 'Artems-MacBook-Pro.local', ip: 'fe80:0:0:0:1cc1:b7a6:ed53:2c20%en0', os.name: 'Mac OS X', os.arch: 'aarch64', os.version: '12.2', java.version: '17.0.2'
Driver info: driver.version: AndroidDriver
	at com.qaprosoft.carina.core.foundation.webdriver.listener.EventFiringAppiumCommandExecutor.lambda$execute$2(EventFiringAppiumCommandExecutor.java:178)
	at java.base/java.util.Optional.orElseGet(Optional.java:364)
	at com.qaprosoft.carina.core.foundation.webdriver.listener.EventFiringAppiumCommandExecutor.execute(EventFiringAppiumCommandExecutor.java:178)
	at org.openqa.selenium.remote.RemoteWebDriver.execute(RemoteWebDriver.java:552)
	at io.appium.java_client.DefaultGenericMobileDriver.execute(DefaultGenericMobileDriver.java:41)
	at io.appium.java_client.AppiumDriver.execute(AppiumDriver.java:1)
	at io.appium.java_client.android.AndroidDriver.execute(AndroidDriver.java:1)
	at org.openqa.selenium.remote.RemoteWebDriver.startSession(RemoteWebDriver.java:213)
	at io.appium.java_client.AppiumDriver.startSession(AppiumDriver.java:338)
	at org.openqa.selenium.remote.RemoteWebDriver.<init>(RemoteWebDriver.java:131)
	at io.appium.java_client.DefaultGenericMobileDriver.<init>(DefaultGenericMobileDriver.java:37)
	at io.appium.java_client.AppiumDriver.<init>(AppiumDriver.java:89)
	at io.appium.java_client.android.AndroidDriver.<init>(AndroidDriver.java:86)
	at com.qaprosoft.carina.core.foundation.webdriver.core.factory.impl.MobileFactory.create(MobileFactory.java:89)
	at com.qaprosoft.carina.core.foundation.webdriver.core.factory.DriverFactory.create(DriverFactory.java:78)
	at com.qaprosoft.carina.core.foundation.webdriver.IDriverPool.createDriver(IDriverPool.java:387)
	at com.qaprosoft.carina.core.foundation.webdriver.IDriverPool.getDriver(IDriverPool.java:129)
	at com.qaprosoft.carina.core.foundation.webdriver.IDriverPool.getDriver(IDriverPool.java:85)
	at com.qaprosoft.carina.core.foundation.webdriver.IDriverPool.getDriver(IDriverPool.java:72)
	at com.solvd.carinaphonestest.service.HomePageService.<init>(HomePageService.java:11)
	at com.solvd.carinaphonestest.OnlinerTest.checkTest(OnlinerTest.java:11)
	at java.base/jdk.internal.reflect.NativeMethodAccessorImpl.invoke0(Native Method)
	at java.base/jdk.internal.reflect.NativeMethodAccessorImpl.invoke(NativeMethodAccessorImpl.java:77)
	at java.base/jdk.internal.reflect.DelegatingMethodAccessorImpl.invoke(DelegatingMethodAccessorImpl.java:43)
	at java.base/java.lang.reflect.Method.invoke(Method.java:568)
	at org.testng.internal.MethodInvocationHelper.invokeMethod(MethodInvocationHelper.java:133)
	at org.testng.internal.TestInvoker.invokeMethod(TestInvoker.java:598)
	at org.testng.internal.TestInvoker.invokeTestMethod(TestInvoker.java:173)
	at org.testng.internal.MethodRunner.runInSequence(MethodRunner.java:46)
	at org.testng.internal.TestInvoker$MethodInvocationAgent.invoke(TestInvoker.java:824)
	at org.testng.internal.TestInvoker.invokeTestMethods(TestInvoker.java:146)
	at org.testng.internal.TestMethodWorker.invokeTestMethods(TestMethodWorker.java:146)
	at org.testng.internal.TestMethodWorker.run(TestMethodWorker.java:128)
	at java.base/java.util.ArrayList.forEach(ArrayList.java:1511)
	at org.testng.TestRunner.privateRun(TestRunner.java:794)
	at org.testng.TestRunner.run(TestRunner.java:596)
	at org.testng.SuiteRunner.runTest(SuiteRunner.java:377)
	at org.testng.SuiteRunner.runSequentially(SuiteRunner.java:371)
	at org.testng.SuiteRunner.privateRun(SuiteRunner.java:332)
	at org.testng.SuiteRunner.run(SuiteRunner.java:276)
	at org.testng.SuiteRunnerWorker.runSuite(SuiteRunnerWorker.java:53)
	at org.testng.SuiteRunnerWorker.run(SuiteRunnerWorker.java:96)
	at org.testng.TestNG.runSuitesSequentially(TestNG.java:1212)
	at org.testng.TestNG.runSuitesLocally(TestNG.java:1134)
	at org.testng.TestNG.runSuites(TestNG.java:1063)
	at org.testng.TestNG.run(TestNG.java:1031)
	at com.intellij.rt.testng.IDEARemoteTestNG.run(IDEARemoteTestNG.java:66)
	at com.intellij.rt.testng.RemoteTestNGStarter.main(RemoteTestNGStarter.java:109)
Caused by: java.net.ConnectException: Connection refused
	at java.base/sun.nio.ch.Net.pollConnect(Native Method)
	at java.base/sun.nio.ch.Net.pollConnectNow(Net.java:672)
	at java.base/sun.nio.ch.NioSocketImpl.timedFinishConnect(NioSocketImpl.java:549)
	at java.base/sun.nio.ch.NioSocketImpl.connect(NioSocketImpl.java:597)
	at java.base/java.net.SocksSocketImpl.connect(SocksSocketImpl.java:327)
	at java.base/java.net.Socket.connect(Socket.java:633)
	at okhttp3.internal.platform.Platform.connectSocket(Platform.java:129)
	at okhttp3.internal.connection.RealConnection.connectSocket(RealConnection.java:245)
	at okhttp3.internal.connection.RealConnection.connect(RealConnection.java:165)
	at okhttp3.internal.connection.StreamAllocation.findConnection(StreamAllocation.java:257)
	at okhttp3.internal.connection.StreamAllocation.findHealthyConnection(StreamAllocation.java:135)
	at okhttp3.internal.connection.StreamAllocation.newStream(StreamAllocation.java:114)
	at okhttp3.internal.connection.ConnectInterceptor.intercept(ConnectInterceptor.java:42)
	at okhttp3.internal.http.RealInterceptorChain.proceed(RealInterceptorChain.java:147)
	at okhttp3.internal.http.RealInterceptorChain.proceed(RealInterceptorChain.java:121)
	at okhttp3.internal.cache.CacheInterceptor.intercept(CacheInterceptor.java:93)
	at okhttp3.internal.http.RealInterceptorChain.proceed(RealInterceptorChain.java:147)
	at okhttp3.internal.http.RealInterceptorChain.proceed(RealInterceptorChain.java:121)
	at okhttp3.internal.http.BridgeInterceptor.intercept(BridgeInterceptor.java:93)
	at okhttp3.internal.http.RealInterceptorChain.proceed(RealInterceptorChain.java:147)
	at okhttp3.internal.http.RetryAndFollowUpInterceptor.intercept(RetryAndFollowUpInterceptor.java:126)
	at okhttp3.internal.http.RealInterceptorChain.proceed(RealInterceptorChain.java:147)
	at okhttp3.internal.http.RealInterceptorChain.proceed(RealInterceptorChain.java:121)
	at okhttp3.RealCall.getResponseWithInterceptorChain(RealCall.java:200)
	at okhttp3.RealCall.execute(RealCall.java:77)
	at org.openqa.selenium.remote.internal.OkHttpClient.execute(OkHttpClient.java:103)
	at org.openqa.selenium.remote.ProtocolHandshake.createSession(ProtocolHandshake.java:105)
	at org.openqa.selenium.remote.ProtocolHandshake.createSession(ProtocolHandshake.java:74)
	at org.openqa.selenium.remote.HttpCommandExecutor.execute(HttpCommandExecutor.java:136)
	at com.qaprosoft.carina.core.foundation.webdriver.listener.EventFiringAppiumCommandExecutor.execute(EventFiringAppiumCommandExecutor.java:156)
	... 45 more
2022-02-21 12:54:31 Messager [ERROR] TEST [carina-phones-test - checkTest] FAILED at [12:54:31 2022-02-21] - Connection refused
Build info: version: '3.141.59', revision: 'e82be7d358', time: '2018-11-14T08:17:03'
System info: host: 'Artems-MacBook-Pro.local', ip: 'fe80:0:0:0:1cc1:b7a6:ed53:2c20%en0', os.name: 'Mac OS X', os.arch: 'aarch64', os.version: '12.2', java.version: '17.0.2'
Driver info: driver.version: AndroidDriver

com.qaprosoft.carina.core.foundation.webdriver.listener.EventFiringAppiumCommandExecutor.lambda$execute$2(EventFiringAppiumCommandExecutor.java:178)
java.base/java.util.Optional.orElseGet(Optional.java:364)
com.qaprosoft.carina.core.foundation.webdriver.listener.EventFiringAppiumCommandExecutor.execute(EventFiringAppiumCommandExecutor.java:178)
org.openqa.selenium.remote.RemoteWebDriver.execute(RemoteWebDriver.java:552)
io.appium.java_client.DefaultGenericMobileDriver.execute(DefaultGenericMobileDriver.java:41)
io.appium.java_client.AppiumDriver.execute(AppiumDriver.java:1)
io.appium.java_client.android.AndroidDriver.execute(AndroidDriver.java:1)
org.openqa.selenium.remote.RemoteWebDriver.startSession(RemoteWebDriver.java:213)
io.appium.java_client.AppiumDriver.startSession(AppiumDriver.java:338)
org.openqa.selenium.remote.RemoteWebDriver.<init>(RemoteWebDriver.java:131)
io.appium.java_client.DefaultGenericMobileDriver.<init>(DefaultGenericMobileDriver.java:37)
io.appium.java_client.AppiumDriver.<init>(AppiumDriver.java:89)
io.appium.java_client.android.AndroidDriver.<init>(AndroidDriver.java:86)
com.qaprosoft.carina.core.foundation.webdriver.core.factory.impl.MobileFactory.create(MobileFactory.java:89)
com.qaprosoft.carina.core.foundation.webdriver.core.factory.DriverFactory.create(DriverFactory.java:78)
com.qaprosoft.carina.core.foundation.webdriver.IDriverPool.createDriver(IDriverPool.java:387)
com.qaprosoft.carina.core.foundation.webdriver.IDriverPool.getDriver(IDriverPool.java:129)
com.qaprosoft.carina.core.foundation.webdriver.IDriverPool.getDriver(IDriverPool.java:85)
com.qaprosoft.carina.core.foundation.webdriver.IDriverPool.getDriver(IDriverPool.java:72)
com.solvd.carinaphonestest.service.HomePageService.<init>(HomePageService.java:11)
com.solvd.carinaphonestest.OnlinerTest.checkTest(OnlinerTest.java:11)
java.base/jdk.internal.reflect.NativeMethodAccessorImpl.invoke0(Native Method)
java.base/jdk.internal.reflect.NativeMethodAccessorImpl.invoke(NativeMethodAccessorImpl.java:77)
java.base/jdk.internal.reflect.DelegatingMethodAccessorImpl.invoke(DelegatingMethodAccessorImpl.java:43)
java.base/java.lang.reflect.Method.invoke(Method.java:568)
org.testng.internal.MethodInvocationHelper.invokeMethod(MethodInvocationHelper.java:133)
org.testng.internal.TestInvoker.invokeMethod(TestInvoker.java:598)
org.testng.internal.TestInvoker.invokeTestMethod(TestInvoker.java:173)
org.testng.internal.MethodRunner.runInSequence(MethodRunner.java:46)
org.testng.internal.TestInvoker$MethodInvocationAgent.invoke(TestInvoker.java:824)
org.testng.internal.TestInvoker.invokeTestMethods(TestInvoker.java:146)
org.testng.internal.TestMethodWorker.invokeTestMethods(TestMethodWorker.java:146)
org.testng.internal.TestMethodWorker.run(TestMethodWorker.java:128)
java.base/java.util.ArrayList.forEach(ArrayList.java:1511)
org.testng.TestRunner.privateRun(TestRunner.java:794)
org.testng.TestRunner.run(TestRunner.java:596)
org.testng.SuiteRunner.runTest(SuiteRunner.java:377)
org.testng.SuiteRunner.runSequentially(SuiteRunner.java:371)
org.testng.SuiteRunner.privateRun(SuiteRunner.java:332)
org.testng.SuiteRunner.run(SuiteRunner.java:276)
org.testng.SuiteRunnerWorker.runSuite(SuiteRunnerWorker.java:53)
org.testng.SuiteRunnerWorker.run(SuiteRunnerWorker.java:96)
org.testng.TestNG.runSuitesSequentially(TestNG.java:1212)
org.testng.TestNG.runSuitesLocally(TestNG.java:1134)
org.testng.TestNG.runSuites(TestNG.java:1063)
org.testng.TestNG.run(TestNG.java:1031)
com.intellij.rt.testng.IDEARemoteTestNG.run(IDEARemoteTestNG.java:66)
com.intellij.rt.testng.RemoteTestNGStarter.main(RemoteTestNGStarter.java:109)
2022-02-21 12:54:31 Messager [INFO] INFO: '**************** Test execution summary ****************'.
2022-02-21 12:54:31 Messager [INFO] RESULT #1: TEST [carina-phones-test - checkTest] FAIL [log=file:///Users/apetrov/Documents/carina-phones-test/./reports/1645437270937/e03c2fe8-29cf-4b32-b77b-1aad0167fb3f/test.log]
2022-02-21 12:59:16 CarinaListener [INFO] 
============= Test configuration =============
url=https://www.onliner.by
selenium_url=http://localhost:4723/wd/hub
max_driver_count=3
proxy_protocols=http,https,ftp
browsermob_port=0
auto_screenshot=true
explicit_timeout=200
retry_interval=10
project_report_directory=./reports
max_screen_history=10
big_screen_width=-1
big_screen_height=-1
init_retry_count=0
init_retry_interval=1
retry_count=0
locale=en_US
thread_count=-1
data_provider_thread_count=-1
core_log_level=INFO
core_log_packages=com.qaprosoft.carina.core
log_all_json=true
date_format=HH:mm:ss yyyy-MM-dd
time_format=HH:mm:ss
test_naming_pattern={method_name}
element_loading_strategy=BY_PRESENCE_OR_VISIBILITY
page_opening_strategy=BY_URL_AND_ELEMENT
localization_encoding=utf-8
localization_testing=false
default_device_timezone=GMT
default_device_time_format=24
default_device_language=en_US
selenium_url=http://localhost:4723/wd/hub

------------- Driver capabilities -----------
capabilities.deviceName=sdk_gphone64_arm64
capabilities.platformVersion=12
capabilities.automationName=uiautomator2
capabilities.browserName=chrome
capabilities.platformName=ANDROID
capabilities.deviceType=phone
================================================

2022-02-21 12:59:16 TestRunRegistrar [WARN] Reporting disabled: using no op test run registrar
2022-02-21 12:59:17 Reflections [INFO] Reflections took 529 ms to scan 7 urls, producing 1743 keys and 7958 values 
2022-02-21 12:59:17 FilterTestsListener [INFO] There are no any rules and limitations
2022-02-21 12:59:17 CarinaListener [INFO] Set thread-count=1
2022-02-21 12:59:17 CarinaListener [INFO] Set data-provider-thread-count=1
2022-02-21 12:59:17 CarinaListener [INFO] CARINA_CORE_VERSION: 7.2.14
2022-02-21 12:59:17 TestRunRegistrar [WARN] Reporting disabled: using no op test run registrar
2022-02-21 12:59:17 TestRunRegistrar [WARN] Reporting disabled: using no op test run registrar
2022-02-21 12:59:17 Messager [INFO] TEST [carina-phones-test - checkTest] STARTED at [12:59:17 2022-02-21]
2022-02-21 12:59:31 Messager [ERROR] TEST [carina-phones-test - checkTest] FAILED at [12:59:31 2022-02-21] - Unable to instantiate page!

com.qaprosoft.carina.core.foundation.utils.factory.ICustomTypePageFactory.initPage(ICustomTypePageFactory.java:140)
com.solvd.carinaphonestest.service.HomePageService.<init>(HomePageService.java:11)
com.solvd.carinaphonestest.OnlinerTest.checkTest(OnlinerTest.java:11)
java.base/jdk.internal.reflect.NativeMethodAccessorImpl.invoke0(Native Method)
java.base/jdk.internal.reflect.NativeMethodAccessorImpl.invoke(NativeMethodAccessorImpl.java:77)
java.base/jdk.internal.reflect.DelegatingMethodAccessorImpl.invoke(DelegatingMethodAccessorImpl.java:43)
java.base/java.lang.reflect.Method.invoke(Method.java:568)
org.testng.internal.MethodInvocationHelper.invokeMethod(MethodInvocationHelper.java:133)
org.testng.internal.TestInvoker.invokeMethod(TestInvoker.java:598)
org.testng.internal.TestInvoker.invokeTestMethod(TestInvoker.java:173)
org.testng.internal.MethodRunner.runInSequence(MethodRunner.java:46)
org.testng.internal.TestInvoker$MethodInvocationAgent.invoke(TestInvoker.java:824)
org.testng.internal.TestInvoker.invokeTestMethods(TestInvoker.java:146)
org.testng.internal.TestMethodWorker.invokeTestMethods(TestMethodWorker.java:146)
org.testng.internal.TestMethodWorker.run(TestMethodWorker.java:128)
java.base/java.util.ArrayList.forEach(ArrayList.java:1511)
org.testng.TestRunner.privateRun(TestRunner.java:794)
org.testng.TestRunner.run(TestRunner.java:596)
org.testng.SuiteRunner.runTest(SuiteRunner.java:377)
org.testng.SuiteRunner.runSequentially(SuiteRunner.java:371)
org.testng.SuiteRunner.privateRun(SuiteRunner.java:332)
org.testng.SuiteRunner.run(SuiteRunner.java:276)
org.testng.SuiteRunnerWorker.runSuite(SuiteRunnerWorker.java:53)
org.testng.SuiteRunnerWorker.run(SuiteRunnerWorker.java:96)
org.testng.TestNG.runSuitesSequentially(TestNG.java:1212)
org.testng.TestNG.runSuitesLocally(TestNG.java:1134)
org.testng.TestNG.runSuites(TestNG.java:1063)
org.testng.TestNG.run(TestNG.java:1031)
com.intellij.rt.testng.IDEARemoteTestNG.run(IDEARemoteTestNG.java:66)
com.intellij.rt.testng.RemoteTestNGStarter.main(RemoteTestNGStarter.java:109)
2022-02-21 12:59:31 Messager [INFO] INFO: '**************** Test execution summary ****************'.
2022-02-21 12:59:31 Messager [INFO] RESULT #1: TEST [carina-phones-test - checkTest] FAIL [screenshots=file:///Users/apetrov/Documents/carina-phones-test/./reports/1645437556927/5fbf0073-7a35-4238-a265-5a065fdade64/report.html | log=file:///Users/apetrov/Documents/carina-phones-test/./reports/1645437556927/5fbf0073-7a35-4238-a265-5a065fdade64/test.log]
2022-02-21 13:24:25 CarinaListener [INFO] 
============= Test configuration =============
url=https://www.onliner.by
selenium_url=http://localhost:4723/wd/hub
max_driver_count=3
proxy_protocols=http,https,ftp
browsermob_port=0
auto_screenshot=true
explicit_timeout=200
retry_interval=10
project_report_directory=./reports
max_screen_history=10
big_screen_width=-1
big_screen_height=-1
init_retry_count=0
init_retry_interval=1
retry_count=0
locale=en_US
thread_count=-1
data_provider_thread_count=-1
core_log_level=INFO
core_log_packages=com.qaprosoft.carina.core
log_all_json=true
date_format=HH:mm:ss yyyy-MM-dd
time_format=HH:mm:ss
test_naming_pattern={method_name}
element_loading_strategy=BY_PRESENCE_OR_VISIBILITY
page_opening_strategy=BY_URL_AND_ELEMENT
localization_encoding=utf-8
localization_testing=false
default_device_timezone=GMT
default_device_time_format=24
default_device_language=en_US
selenium_url=http://localhost:4723/wd/hub

------------- Driver capabilities -----------
capabilities.deviceName=Pixel 3a
capabilities.platformVersion=12
capabilities.automationName=uiautomator2
capabilities.browserName=chrome
capabilities.platformName=ANDROID
capabilities.deviceType=phone
capabilities.udid=emulator-5554
================================================

2022-02-21 13:24:25 TestRunRegistrar [WARN] Reporting disabled: using no op test run registrar
2022-02-21 13:24:25 Reflections [INFO] Reflections took 494 ms to scan 7 urls, producing 1743 keys and 7958 values 
2022-02-21 13:24:25 FilterTestsListener [INFO] There are no any rules and limitations
2022-02-21 13:24:25 CarinaListener [INFO] Set thread-count=1
2022-02-21 13:24:25 CarinaListener [INFO] Set data-provider-thread-count=1
2022-02-21 13:24:25 CarinaListener [INFO] CARINA_CORE_VERSION: 7.2.14
2022-02-21 13:24:25 TestRunRegistrar [WARN] Reporting disabled: using no op test run registrar
2022-02-21 13:24:25 TestRunRegistrar [WARN] Reporting disabled: using no op test run registrar
2022-02-21 13:24:25 Messager [INFO] TEST [carina-phones-test - checkTest] STARTED at [13:24:25 2022-02-21]
2022-02-21 13:24:38 Messager [ERROR] TEST [carina-phones-test - checkTest] FAILED at [13:24:38 2022-02-21] - Unable to instantiate page!

com.qaprosoft.carina.core.foundation.utils.factory.ICustomTypePageFactory.initPage(ICustomTypePageFactory.java:140)
com.solvd.carinaphonestest.service.HomePageService.<init>(HomePageService.java:11)
com.solvd.carinaphonestest.OnlinerTest.checkTest(OnlinerTest.java:11)
java.base/jdk.internal.reflect.NativeMethodAccessorImpl.invoke0(Native Method)
java.base/jdk.internal.reflect.NativeMethodAccessorImpl.invoke(NativeMethodAccessorImpl.java:77)
java.base/jdk.internal.reflect.DelegatingMethodAccessorImpl.invoke(DelegatingMethodAccessorImpl.java:43)
java.base/java.lang.reflect.Method.invoke(Method.java:568)
org.testng.internal.MethodInvocationHelper.invokeMethod(MethodInvocationHelper.java:133)
org.testng.internal.TestInvoker.invokeMethod(TestInvoker.java:598)
org.testng.internal.TestInvoker.invokeTestMethod(TestInvoker.java:173)
org.testng.internal.MethodRunner.runInSequence(MethodRunner.java:46)
org.testng.internal.TestInvoker$MethodInvocationAgent.invoke(TestInvoker.java:824)
org.testng.internal.TestInvoker.invokeTestMethods(TestInvoker.java:146)
org.testng.internal.TestMethodWorker.invokeTestMethods(TestMethodWorker.java:146)
org.testng.internal.TestMethodWorker.run(TestMethodWorker.java:128)
java.base/java.util.ArrayList.forEach(ArrayList.java:1511)
org.testng.TestRunner.privateRun(TestRunner.java:794)
org.testng.TestRunner.run(TestRunner.java:596)
org.testng.SuiteRunner.runTest(SuiteRunner.java:377)
org.testng.SuiteRunner.runSequentially(SuiteRunner.java:371)
org.testng.SuiteRunner.privateRun(SuiteRunner.java:332)
org.testng.SuiteRunner.run(SuiteRunner.java:276)
org.testng.SuiteRunnerWorker.runSuite(SuiteRunnerWorker.java:53)
org.testng.SuiteRunnerWorker.run(SuiteRunnerWorker.java:96)
org.testng.TestNG.runSuitesSequentially(TestNG.java:1212)
org.testng.TestNG.runSuitesLocally(TestNG.java:1134)
org.testng.TestNG.runSuites(TestNG.java:1063)
org.testng.TestNG.run(TestNG.java:1031)
com.intellij.rt.testng.IDEARemoteTestNG.run(IDEARemoteTestNG.java:66)
com.intellij.rt.testng.RemoteTestNGStarter.main(RemoteTestNGStarter.java:109)
2022-02-21 13:24:38 Messager [INFO] INFO: '**************** Test execution summary ****************'.
2022-02-21 13:24:38 Messager [INFO] RESULT #1: TEST [carina-phones-test - checkTest] FAIL [screenshots=file:///Users/apetrov/Documents/carina-phones-test/./reports/1645439065231/1d9944a5-a793-4600-b969-40a2626fd6a7/report.html | log=file:///Users/apetrov/Documents/carina-phones-test/./reports/1645439065231/1d9944a5-a793-4600-b969-40a2626fd6a7/test.log]
