<html>
<head>
<title>TestNG:  Surefire test</title>
<link href="../testng.css" rel="stylesheet" type="text/css" />
<link href="../my-testng.css" rel="stylesheet" type="text/css" />

<style type="text/css">
.log { display: none;} 
.stack-trace { display: none;} 
</style>
<script type="text/javascript">
<!--
function flip(e) {
  current = e.style.display;
  if (current == 'block') {
    e.style.display = 'none';
    return 0;
  }
  else {
    e.style.display = 'block';
    return 1;
  }
}

function toggleBox(szDivId, elem, msg1, msg2)
{
  var res = -1;  if (document.getElementById) {
    res = flip(document.getElementById(szDivId));
  }
  else if (document.all) {
    // this is the way old msie versions work
    res = flip(document.all[szDivId]);
  }
  if(elem) {
    if(res == 0) elem.innerHTML = msg1; else elem.innerHTML = msg2;
  }

}

function toggleAllBoxes() {
  if (document.getElementsByTagName) {
    d = document.getElementsByTagName('div');
    for (i = 0; i < d.length; i++) {
      if (d[i].className == 'log') {
        flip(d[i]);
      }
    }
  }
}

// -->
</script>

</head>
<body>
<h2 align='center'>Surefire test</h2><table border='1' align="center">
<tr>
<td>Tests passed/Failed/Skipped:</td><td>0/1/0</td>
</tr><tr>
<td>Started on:</td><td>Mon Feb 21 16:45:16 MSK 2022</td>
</tr>
<tr><td>Total time:</td><td>10 seconds (10528 ms)</td>
</tr><tr>
<td>Included groups:</td><td></td>
</tr><tr>
<td>Excluded groups:</td><td></td>
</tr>
</table><p/>
<small><i>(Hover the method name to see the test class name)</i></small><p/>
<table width='100%' border='1' class='invocation-failed'>
<tr><td colspan='4' align='center'><b>FAILED TESTS</b></td></tr>
<tr><td><b>Test method</b></td>
<td width="30%"><b>Exception</b></td>
<td width="10%"><b>Time (seconds)</b></td>
<td><b>Instance</b></td>
</tr>
<tr>
<td title='com.solvd.carinaphonestest.OnlinerTest.checkTest()'><b>checkTest</b><br>Test class: com.solvd.carinaphonestest.OnlinerTest<br/>
<a href="#Output-503486980" onClick='toggleBox("Output-503486980", this, "Show output", "Hide output");'>Show output</a>

<a href="#Output-503486980" onClick="toggleAllBoxes();">Show all outputs</a>
<div class='log' id="Output-503486980">
TEST [Surefire test - checkTest] FAILED at [16:45:27 2022-02-21] - Unable to instantiate page!

com.qaprosoft.carina.core.foundation.utils.factory.ICustomTypePageFactory.initPage(ICustomTypePageFactory.java:140)
com.solvd.carinaphonestest.service.HomePageService.<init>(HomePageService.java:11)
com.solvd.carinaphonestest.OnlinerTest.checkTest(OnlinerTest.java:11)
java.base/jdk.internal.reflect.NativeMethodAccessorImpl.invoke0(Native Method)
java.base/jdk.internal.reflect.NativeMethodAccessorImpl.invoke(NativeMethodAccessorImpl.java:77)
java.base/jdk.internal.reflect.DelegatingMethodAccessorImpl.invoke(DelegatingMethodAccessorImpl.java:43)
java.base/java.lang.reflect.Method.invoke(Method.java:568)
org.testng.internal.MethodInvocationHelper.invokeMethod(MethodInvocationHelper.java:133)
org.testng.internal.TestInvoker.invokeMethod(TestInvoker.java:598)
org.testng.internal.TestInvoker.invokeTestMethod(TestInvoker.java:173)
org.testng.internal.MethodRunner.runInSequence(MethodRunner.java:46)
org.testng.internal.TestInvoker$MethodInvocationAgent.invoke(TestInvoker.java:824)
org.testng.internal.TestInvoker.invokeTestMethods(TestInvoker.java:146)
org.testng.internal.TestMethodWorker.invokeTestMethods(TestMethodWorker.java:146)
org.testng.internal.TestMethodWorker.run(TestMethodWorker.java:128)
java.base/java.util.ArrayList.forEach(ArrayList.java:1511)
org.testng.TestRunner.privateRun(TestRunner.java:794)
org.testng.TestRunner.run(TestRunner.java:596)
org.testng.SuiteRunner.runTest(SuiteRunner.java:377)
org.testng.SuiteRunner.runSequentially(SuiteRunner.java:371)
org.testng.SuiteRunner.privateRun(SuiteRunner.java:332)
org.testng.SuiteRunner.run(SuiteRunner.java:276)
org.testng.SuiteRunnerWorker.runSuite(SuiteRunnerWorker.java:53)
org.testng.SuiteRunnerWorker.run(SuiteRunnerWorker.java:96)
org.testng.TestNG.runSuitesSequentially(TestNG.java:1212)
org.testng.TestNG.runSuitesLocally(TestNG.java:1134)
org.testng.TestNG.runSuites(TestNG.java:1063)
org.testng.TestNG.run(TestNG.java:1031)
org.apache.maven.surefire.testng.TestNGExecutor.run(TestNGExecutor.java:136)
org.apache.maven.surefire.testng.TestNGDirectoryTestSuite.executeSingleClass(TestNGDirectoryTestSuite.java:112)
org.apache.maven.surefire.testng.TestNGDirectoryTestSuite.execute(TestNGDirectoryTestSuite.java:99)
org.apache.maven.surefire.testng.TestNGProvider.invoke(TestNGProvider.java:145)
org.apache.maven.surefire.booter.ForkedBooter.runSuitesInProcess(ForkedBooter.java:428)
org.apache.maven.surefire.booter.ForkedBooter.execute(ForkedBooter.java:162)
org.apache.maven.surefire.booter.ForkedBooter.run(ForkedBooter.java:562)
org.apache.maven.surefire.booter.ForkedBooter.main(ForkedBooter.java:548)<br/>
</div>
</td>
<td><div><pre>java.lang.RuntimeException: Unable to instantiate page!
	at com.qaprosoft.carina.core.foundation.utils.factory.ICustomTypePageFactory.initPage(ICustomTypePageFactory.java:140)
	at com.solvd.carinaphonestest.service.HomePageService.&lt;init&gt;(HomePageService.java:11)
	at com.solvd.carinaphonestest.OnlinerTest.checkTest(OnlinerTest.java:11)
	at java.base/java.util.ArrayList.forEach(ArrayList.java:1511)
	at com.qaprosoft.carina.core.foundation.utils.factory.ICustomTypePageFactory.initPage(ICustomTypePageFactory.java:136)
	... 35 more
Caused by: java.lang.RuntimeException: Configuration parameter &apos;env&apos; should be set!
	at com.qaprosoft.carina.core.foundation.utils.DefaultEnvArgResolver.get(DefaultEnvArgResolver.java:32)
	at com.qaprosoft.carina.core.foundation.utils.Configuration.getEnvArg(Configuration.java:305)
	at com.qaprosoft.carina.core.foundation.webdriver.DriverHelper.getUrl(DriverHelper.java:1286)
	at com.qaprosoft.carina.core.foundation.webdriver.DriverHelper.&lt;init&gt;(DriverHelper.java:95)
	at com.qaprosoft.carina.core.foundation.webdriver.DriverHelper.&lt;init&gt;(DriverHelper.java:106)
	at com.qaprosoft.carina.core.gui.AbstractUIObject.&lt;init&gt;(AbstractUIObject.java:68)
	at com.qaprosoft.carina.core.gui.AbstractUIObject.&lt;init&gt;(AbstractUIObject.java:52)
	at com.qaprosoft.carina.core.gui.AbstractPage.&lt;init&gt;(AbstractPage.java:55)
	at com.solvd.carinaphonestest.page.base.HomePageBase.&lt;init&gt;(HomePageBase.java:9)
	at com.solvd.carinaphonestest.page.android.AndroidHomePage.&lt;init&gt;(AndroidHomePage.java:11)
	... 41 more
... Removed 38 stack frames</pre></div><a href='#' onClick='toggleBox("stack-trace503486980", this, "Click to show all stack frames", "Click to hide stack frames")'>Click to show all stack frames</a>
<div class='stack-trace' id='stack-trace503486980'><pre>java.lang.RuntimeException: Unable to instantiate page!
	at com.qaprosoft.carina.core.foundation.utils.factory.ICustomTypePageFactory.initPage(ICustomTypePageFactory.java:140)
	at com.solvd.carinaphonestest.service.HomePageService.&lt;init&gt;(HomePageService.java:11)
	at com.solvd.carinaphonestest.OnlinerTest.checkTest(OnlinerTest.java:11)
	at java.base/jdk.internal.reflect.NativeMethodAccessorImpl.invoke0(Native Method)
	at java.base/jdk.internal.reflect.NativeMethodAccessorImpl.invoke(NativeMethodAccessorImpl.java:77)
	at java.base/jdk.internal.reflect.DelegatingMethodAccessorImpl.invoke(DelegatingMethodAccessorImpl.java:43)
	at java.base/java.lang.reflect.Method.invoke(Method.java:568)
	at org.testng.internal.MethodInvocationHelper.invokeMethod(MethodInvocationHelper.java:133)
	at org.testng.internal.TestInvoker.invokeMethod(TestInvoker.java:598)
	at org.testng.internal.TestInvoker.invokeTestMethod(TestInvoker.java:173)
	at org.testng.internal.MethodRunner.runInSequence(MethodRunner.java:46)
	at org.testng.internal.TestInvoker$MethodInvocationAgent.invoke(TestInvoker.java:824)
	at org.testng.internal.TestInvoker.invokeTestMethods(TestInvoker.java:146)
	at org.testng.internal.TestMethodWorker.invokeTestMethods(TestMethodWorker.java:146)
	at org.testng.internal.TestMethodWorker.run(TestMethodWorker.java:128)
	at java.base/java.util.ArrayList.forEach(ArrayList.java:1511)
	at org.testng.TestRunner.privateRun(TestRunner.java:794)
	at org.testng.TestRunner.run(TestRunner.java:596)
	at org.testng.SuiteRunner.runTest(SuiteRunner.java:377)
	at org.testng.SuiteRunner.runSequentially(SuiteRunner.java:371)
	at org.testng.SuiteRunner.privateRun(SuiteRunner.java:332)
	at org.testng.SuiteRunner.run(SuiteRunner.java:276)
	at org.testng.SuiteRunnerWorker.runSuite(SuiteRunnerWorker.java:53)
	at org.testng.SuiteRunnerWorker.run(SuiteRunnerWorker.java:96)
	at org.testng.TestNG.runSuitesSequentially(TestNG.java:1212)
	at org.testng.TestNG.runSuitesLocally(TestNG.java:1134)
	at org.testng.TestNG.runSuites(TestNG.java:1063)
	at org.testng.TestNG.run(TestNG.java:1031)
	at org.apache.maven.surefire.testng.TestNGExecutor.run(TestNGExecutor.java:136)
	at org.apache.maven.surefire.testng.TestNGDirectoryTestSuite.executeSingleClass(TestNGDirectoryTestSuite.java:112)
	at org.apache.maven.surefire.testng.TestNGDirectoryTestSuite.execute(TestNGDirectoryTestSuite.java:99)
	at org.apache.maven.surefire.testng.TestNGProvider.invoke(TestNGProvider.java:145)
	at org.apache.maven.surefire.booter.ForkedBooter.runSuitesInProcess(ForkedBooter.java:428)
	at org.apache.maven.surefire.booter.ForkedBooter.execute(ForkedBooter.java:162)
	at org.apache.maven.surefire.booter.ForkedBooter.run(ForkedBooter.java:562)
	at org.apache.maven.surefire.booter.ForkedBooter.main(ForkedBooter.java:548)
Caused by: java.lang.reflect.InvocationTargetException
	at java.base/jdk.internal.reflect.NativeConstructorAccessorImpl.newInstance0(Native Method)
	at java.base/jdk.internal.reflect.NativeConstructorAccessorImpl.newInstance(NativeConstructorAccessorImpl.java:77)
	at java.base/jdk.internal.reflect.DelegatingConstructorAccessorImpl.newInstance(DelegatingConstructorAccessorImpl.java:45)
	at java.base/java.lang.reflect.Constructor.newInstanceWithCaller(Constructor.java:499)
	at java.base/java.lang.reflect.Constructor.newInstance(Constructor.java:480)
	at com.qaprosoft.carina.core.foundation.utils.factory.ICustomTypePageFactory.initPage(ICustomTypePageFactory.java:136)
	... 35 more
Caused by: java.lang.RuntimeException: Configuration parameter &apos;env&apos; should be set!
	at com.qaprosoft.carina.core.foundation.utils.DefaultEnvArgResolver.get(DefaultEnvArgResolver.java:32)
	at com.qaprosoft.carina.core.foundation.utils.Configuration.getEnvArg(Configuration.java:305)
	at com.qaprosoft.carina.core.foundation.webdriver.DriverHelper.getUrl(DriverHelper.java:1286)
	at com.qaprosoft.carina.core.foundation.webdriver.DriverHelper.&lt;init&gt;(DriverHelper.java:95)
	at com.qaprosoft.carina.core.foundation.webdriver.DriverHelper.&lt;init&gt;(DriverHelper.java:106)
	at com.qaprosoft.carina.core.gui.AbstractUIObject.&lt;init&gt;(AbstractUIObject.java:68)
	at com.qaprosoft.carina.core.gui.AbstractUIObject.&lt;init&gt;(AbstractUIObject.java:52)
	at com.qaprosoft.carina.core.gui.AbstractPage.&lt;init&gt;(AbstractPage.java:55)
	at com.solvd.carinaphonestest.page.base.HomePageBase.&lt;init&gt;(HomePageBase.java:9)
	at com.solvd.carinaphonestest.page.android.AndroidHomePage.&lt;init&gt;(AndroidHomePage.java:11)
	... 41 more
</pre></div></td>
<td>9</td>
<td>com.solvd.carinaphonestest.OnlinerTest@166ce247</td></tr>
</table><p>
</body>
</html>